{"level":"info","message":"Server Started Succesfully 3000","timestamp":"2021-06-07T15:22:22.445Z"}
{"level":"info","message":"Server Started Succesfully 3000","timestamp":"2021-06-07T15:27:47.137Z"}
{"level":"info","message":"Server Started Succesfully 3000","timestamp":"2021-06-07T15:31:04.442Z"}
{"level":"info","message":"Server Started Succesfully 3000","timestamp":"2021-06-07T15:34:05.714Z"}
{"level":"info","message":"Server Started Succesfully 3000","timestamp":"2021-06-07T16:02:27.318Z"}
{"level":"info","message":"Server Started Succesfully 3000","timestamp":"2021-06-07T17:41:34.421Z"}
{"level":"info","message":"Server Started Succesfully 3000","timestamp":"2021-06-07T18:11:10.824Z"}
{"level":"info","message":"Server Started Succesfully 3000","timestamp":"2021-06-07T18:11:19.091Z"}
{"level":"info","message":"Server Started Succesfully 3000","timestamp":"2021-06-07T18:11:41.978Z"}
{"level":"info","message":"Server Started Succesfully 3000","timestamp":"2021-06-07T18:18:51.377Z"}
{"level":"info","message":"Server Started Succesfully 3000","timestamp":"2021-06-07T18:19:22.482Z"}
{"level":"info","message":"Server Started Succesfully 3000","timestamp":"2021-06-07T18:25:36.722Z"}
{"level":"info","message":"Server Started Succesfully 3000","timestamp":"2021-06-07T18:31:37.696Z"}
{"level":"info","message":"Server Started Succesfully 3000","timestamp":"2021-06-07T18:35:32.221Z"}
{"level":"info","message":"Server Started Succesfully 3000","timestamp":"2021-06-07T18:46:45.814Z"}
{"level":"info","message":"Server Started Succesfully 3000","timestamp":"2021-06-07T18:56:43.696Z"}
{"level":"info","message":"Server Started Succesfully 3000","timestamp":"2021-06-07T19:03:49.279Z"}
{"level":"info","message":"Server Started Succesfully 3000","timestamp":"2021-06-07T19:09:33.823Z"}
{"level":"info","message":"Server Started Succesfully 3000","timestamp":"2021-06-07T19:11:02.219Z"}
{"level":"info","message":"Server Started Succesfully 3000","timestamp":"2021-06-07T19:11:07.395Z"}
{"level":"info","message":"Server Started Succesfully 3000","timestamp":"2021-06-07T19:11:10.185Z"}
{"level":"info","message":"Server Started Succesfully 3000","timestamp":"2021-06-07T19:11:13.504Z"}
{"level":"info","message":"Server Started Succesfully 3000","timestamp":"2021-06-07T19:11:16.170Z"}
{"level":"info","message":"Server Started Succesfully 3000","timestamp":"2021-06-07T19:11:18.661Z"}
{"level":"info","message":"Server Started Succesfully 3000","timestamp":"2021-06-07T19:11:21.580Z"}
{"level":"info","message":"Server Started Succesfully 3000","timestamp":"2021-06-07T19:11:24.337Z"}
{"level":"info","message":"Server Started Succesfully 3000","timestamp":"2021-06-07T19:11:29.133Z"}
{"level":"info","message":"Server Started Succesfully 3000","timestamp":"2021-06-07T19:15:49.032Z"}
{"level":"info","message":"Server Started Succesfully 3000","timestamp":"2021-06-07T19:16:28.811Z"}
{"level":"info","message":"Server Started Succesfully 3000","timestamp":"2021-06-07T19:16:34.601Z"}
{"level":"info","message":"Server Started Succesfully 3000","timestamp":"2021-06-07T19:17:26.353Z"}
{"level":"info","message":"Server Started Succesfully 3000","timestamp":"2021-06-08T00:36:11.864Z"}
{"level":"info","message":"Server Started Succesfully 3000","timestamp":"2021-06-08T00:40:02.312Z"}
{"level":"info","message":"Server Started Succesfully 3000","timestamp":"2021-06-08T00:50:11.875Z"}
{"level":"info","message":"Server Started Succesfully 3000","timestamp":"2021-06-08T00:57:22.647Z"}
{"level":"info","message":"Server Started Succesfully 3000","timestamp":"2021-06-08T00:59:45.201Z"}
{"level":"info","message":"Server Started Succesfully 3000","timestamp":"2021-06-08T01:00:56.001Z"}
{"level":"info","message":"Server Started Succesfully 3000","timestamp":"2021-06-08T01:04:47.348Z"}
{"level":"info","message":"Server Started Succesfully 3000","timestamp":"2021-06-08T01:12:00.666Z"}
{"level":"info","message":"Server Started Succesfully 3000","timestamp":"2021-06-08T01:13:59.823Z"}
{"level":"info","message":"Server Started Succesfully 3000","timestamp":"2021-06-08T01:14:25.207Z"}
{"level":"info","message":"Server Started Succesfully 3000","timestamp":"2021-06-08T01:14:42.242Z"}
{"level":"info","message":"Server Started Succesfully 3000","timestamp":"2021-06-08T01:16:01.340Z"}
{"level":"info","message":"Server Started Succesfully 3000","timestamp":"2021-06-08T01:34:24.740Z"}
{"level":"info","message":"Server Started Succesfully 3000","timestamp":"2021-06-08T01:34:47.934Z"}
{"level":"info","message":"Server Started Succesfully 8000","timestamp":"2021-06-08T01:36:09.541Z"}
{"level":"info","message":"Server Started Succesfully 8000","timestamp":"2021-06-08T01:40:18.478Z"}
{"level":"info","message":"Server Started Succesfully 8000","timestamp":"2021-06-08T01:40:29.891Z"}
{"level":"info","message":"Server Started Succesfully 8000","timestamp":"2021-06-08T01:40:36.482Z"}
{"level":"info","message":"Server Started Succesfully 8000","timestamp":"2021-06-08T01:40:46.330Z"}
{"level":"info","message":"Server Started Succesfully 8000","timestamp":"2021-06-08T01:47:37.096Z"}
{"level":"info","message":"Server Started Succesfully 8000","timestamp":"2021-06-08T01:51:28.575Z"}
{"level":"info","message":"Server Started Succesfully 8000","timestamp":"2021-06-08T01:57:32.587Z"}
{"level":"info","message":"Server Started Succesfully 8000","timestamp":"2021-06-08T01:57:34.951Z"}
{"level":"info","message":"Server Started Succesfully 8000","timestamp":"2021-06-08T02:03:22.953Z"}
{"level":"info","message":"Server Started Succesfully 8000","timestamp":"2021-06-08T02:03:31.842Z"}
{"level":"info","message":"Server Started Succesfully 8000","timestamp":"2021-06-08T02:04:17.785Z"}
{"level":"info","message":"Server Started Succesfully 8000","timestamp":"2021-06-08T02:04:26.704Z"}
{"level":"info","message":"Server Started Succesfully 8000","timestamp":"2021-06-08T02:16:01.903Z"}
{"level":"info","message":"Server Started Succesfully 8000","timestamp":"2021-06-08T02:18:56.053Z"}
{"level":"info","message":"Server Started Succesfully 8000","timestamp":"2021-06-08T02:20:51.237Z"}
{"level":"info","message":"Server Started Succesfully 8000","timestamp":"2021-06-08T02:22:09.295Z"}
{"level":"info","message":"Server Started Succesfully 8000","timestamp":"2021-06-08T02:24:19.486Z"}
{"level":"info","message":"Server Started Succesfully 8000","timestamp":"2021-06-08T02:26:38.036Z"}
{"level":"info","message":"Server Started Succesfully 8000","timestamp":"2021-06-08T02:26:49.294Z"}
{"level":"info","message":"Server Started Succesfully 8000","timestamp":"2021-06-08T02:27:06.452Z"}
{"level":"info","message":"Server Started Succesfully 8000","timestamp":"2021-06-08T02:27:09.105Z"}
{"level":"info","message":"Server Started Succesfully 8000","timestamp":"2021-06-08T02:27:12.956Z"}
{"level":"info","message":"Server Started Succesfully 8000","timestamp":"2021-06-08T02:27:15.354Z"}
{"level":"info","message":"Server Started Succesfully 8000","timestamp":"2021-06-08T02:27:20.741Z"}
{"level":"info","message":"Server Started Succesfully 8000","timestamp":"2021-06-08T02:27:36.211Z"}
{"level":"info","message":"Server Started Succesfully 8000","timestamp":"2021-06-08T02:28:12.555Z"}
{"level":"info","message":"Server Started Succesfully 8000","timestamp":"2021-06-08T02:28:56.709Z"}
{"level":"info","message":"Server Started Succesfully 8000","timestamp":"2021-06-08T02:30:56.830Z"}
{"level":"info","message":"Server Started Succesfully 8000","timestamp":"2021-06-08T02:31:18.263Z"}
{"level":"info","message":"Server Started Succesfully 8000","timestamp":"2021-06-08T02:31:38.373Z"}
{"level":"info","message":"Server Started Succesfully 8000","timestamp":"2021-06-08T02:31:50.045Z"}
{"level":"info","message":"Server Started Succesfully 8000","timestamp":"2021-06-08T02:32:08.216Z"}
{"level":"info","message":"Server Started Succesfully 8000","timestamp":"2021-06-08T02:32:31.540Z"}
{"level":"info","message":"Server Started Succesfully 8000","timestamp":"2021-06-08T02:33:52.344Z"}
{"level":"info","message":"Server Started Succesfully 8000","timestamp":"2021-06-08T02:33:59.104Z"}
{"level":"info","message":"Server Started Succesfully 8000","timestamp":"2021-06-08T02:34:13.011Z"}
{"level":"info","message":"Server Started Succesfully 8000","timestamp":"2021-06-08T02:34:36.474Z"}
{"level":"info","message":"Server Started Succesfully 8000","timestamp":"2021-06-08T03:04:58.237Z"}
{"level":"info","message":"Server Started Succesfully 8000","timestamp":"2021-06-08T03:06:54.397Z"}
{"level":"info","message":"Server Started Succesfully 8000","timestamp":"2021-06-08T03:07:03.808Z"}
{"level":"info","message":"Server Started Succesfully 8000","timestamp":"2021-06-08T03:13:41.303Z"}
{"level":"info","message":"Server Started Succesfully 8000","timestamp":"2021-06-08T03:14:04.108Z"}
{"level":"info","message":"Server Started Succesfully 8000","timestamp":"2021-06-08T03:15:49.318Z"}
{"level":"info","message":"Server Started Succesfully 8000","timestamp":"2021-06-08T05:03:24.123Z"}
{"level":"info","message":"Server Started Succesfully 8000","timestamp":"2021-06-08T08:19:33.944Z"}
{"level":"info","message":"Server Started Succesfully 8000","timestamp":"2021-06-08T08:20:37.477Z"}
{"level":"info","message":"Server Started Succesfully 8000","timestamp":"2021-06-08T10:32:31.957Z"}
{"level":"info","message":"Server Started Succesfully 8000","timestamp":"2021-06-08T10:33:08.355Z"}
{"level":"info","message":"Server Started Succesfully 8000","timestamp":"2021-06-08T10:47:07.103Z"}
{"level":"info","message":"Server Started Succesfully 8000","timestamp":"2021-06-08T11:29:34.822Z"}
{"level":"info","message":"Server Started Succesfully 8000","timestamp":"2021-06-08T11:30:53.270Z"}
{"level":"info","message":"Server Started Succesfully 8000","timestamp":"2021-06-08T11:30:57.384Z"}
{"level":"info","message":"Server Started Succesfully 8000","timestamp":"2021-06-08T11:31:00.053Z"}
{"level":"info","message":"Server Started Succesfully 8000","timestamp":"2021-06-08T11:31:40.697Z"}
{"level":"info","message":"Server Started Succesfully 8000","timestamp":"2021-06-08T11:32:30.395Z"}
{"level":"info","message":"Server Started Succesfully 8000","timestamp":"2021-06-08T11:33:26.549Z"}
{"level":"info","message":"Server Started Succesfully 8000","timestamp":"2021-06-08T11:34:27.952Z"}
{"level":"info","message":"Server Started Succesfully 8000","timestamp":"2021-06-08T11:34:37.162Z"}
{"level":"info","message":"Server Started Succesfully 8000","timestamp":"2021-06-08T11:34:48.880Z"}
{"level":"info","message":"Server Started Succesfully 8000","timestamp":"2021-06-08T11:34:53.256Z"}
{"level":"info","message":"Server Started Succesfully 8000","timestamp":"2021-06-08T11:35:02.876Z"}
{"level":"info","message":"Server Started Succesfully 8000","timestamp":"2021-06-08T12:34:55.240Z"}
{"level":"info","message":"Server Started Succesfully 8000","timestamp":"2021-06-08T12:37:11.161Z"}
{"level":"info","message":"Server Started Succesfully 8000","timestamp":"2021-06-08T12:43:18.022Z"}
{"level":"info","message":"Server Started Succesfully 8000","timestamp":"2021-06-08T12:45:40.689Z"}
{"level":"info","message":"Server Started Succesfully 8000","timestamp":"2021-06-08T12:45:55.567Z"}
{"level":"info","message":"Server Started Succesfully 8000","timestamp":"2021-06-08T12:46:11.225Z"}
{"level":"info","message":"Server Started Succesfully 8000","timestamp":"2021-06-08T12:51:44.966Z"}
{"level":"info","message":"Server Started Succesfully 8000","timestamp":"2021-06-08T12:52:20.428Z"}
{"level":"info","message":"Server Started Succesfully 8000","timestamp":"2021-06-08T14:02:44.835Z"}
{"level":"info","message":"Server Started Succesfully 8000","timestamp":"2021-06-08T14:40:32.693Z"}
{"level":"info","message":"Server Started Succesfully 8000","timestamp":"2021-06-08T14:41:04.182Z"}
{"level":"info","message":"Server Started Succesfully 8000","timestamp":"2021-06-08T14:43:19.155Z"}
{"level":"info","message":"Server Started Succesfully 8000","timestamp":"2021-06-08T15:00:33.517Z"}
{"level":"info","message":"Server Started Succesfully 8000","timestamp":"2021-06-08T15:00:45.584Z"}
{"level":"info","message":"Server Started Succesfully 8000","timestamp":"2021-06-08T15:01:36.481Z"}
{"level":"info","message":"Server Started Succesfully 8000","timestamp":"2021-06-08T15:02:21.628Z"}
{"level":"info","message":"Server Started Succesfully 8000","timestamp":"2021-06-08T15:05:12.894Z"}
{"level":"info","message":"Server Started Succesfully 8000","timestamp":"2021-06-08T15:32:49.696Z"}
{"level":"info","message":"Server Started Succesfully 8000","timestamp":"2021-06-08T15:32:59.477Z"}
{"level":"info","message":"Server Started Succesfully 8000","timestamp":"2021-06-08T15:33:48.382Z"}
{"level":"info","message":"Server Started Succesfully 8000","timestamp":"2021-06-08T15:34:44.328Z"}
{"level":"info","message":"Server Started Succesfully 8000","timestamp":"2021-06-08T15:35:46.286Z"}
{"level":"info","message":"Server Started Succesfully 8000","timestamp":"2021-06-08T15:36:09.843Z"}
{"level":"info","message":"Server Started Succesfully 8000","timestamp":"2021-06-08T15:36:53.501Z"}
{"level":"info","message":"Server Started Succesfully 8000","timestamp":"2021-06-08T15:37:35.663Z"}
{"level":"info","message":"Server Started Succesfully 8000","timestamp":"2021-06-09T04:26:02.261Z"}
{"level":"info","message":"Server Started Succesfully 8000","timestamp":"2021-06-09T05:23:31.725Z"}
{"level":"info","message":"Server Started Succesfully 8000","timestamp":"2021-06-09T05:23:40.206Z"}
{"level":"info","message":"Server Started Succesfully 8000","timestamp":"2021-06-09T06:22:09.245Z"}
{"level":"info","message":"Server Started Succesfully 8000","timestamp":"2021-06-09T06:22:32.434Z"}
{"level":"info","message":"Server Started Succesfully 8000","timestamp":"2021-06-09T06:23:13.447Z"}
{"level":"info","message":"Server Started Succesfully 8000","timestamp":"2021-06-09T06:24:00.205Z"}
{"level":"info","message":"Server Started Succesfully 8000","timestamp":"2021-06-09T06:24:30.885Z"}
{"level":"info","message":"Server Started Succesfully 8000","timestamp":"2021-06-09T06:25:44.669Z"}
{"level":"info","message":"Server Started Succesfully 8000","timestamp":"2021-06-09T06:26:49.376Z"}
{"level":"info","message":"Server Started Succesfully 8000","timestamp":"2021-06-09T06:32:12.195Z"}
{"level":"info","message":"Server Started Succesfully 8000","timestamp":"2021-06-09T06:32:34.226Z"}
{"level":"info","message":"Server Started Succesfully 8000","timestamp":"2021-06-09T06:33:03.511Z"}
{"level":"info","message":"Server Started Succesfully 8000","timestamp":"2021-06-09T06:33:06.861Z"}
{"level":"info","message":"Server Started Succesfully 8000","timestamp":"2021-06-09T08:52:30.404Z"}
{"level":"info","message":"Server Started Succesfully 8000","timestamp":"2021-06-09T08:58:10.890Z"}
{"level":"info","message":"Server Started Succesfully 8000","timestamp":"2021-06-09T09:01:32.768Z"}
{"level":"info","message":"Server Started Succesfully 8000","timestamp":"2021-06-09T09:01:45.410Z"}
{"level":"info","message":"Server Started Succesfully 8000","timestamp":"2021-06-09T09:06:59.576Z"}
{"level":"info","message":"Server Started Succesfully 8000","timestamp":"2021-06-09T09:07:39.462Z"}
{"level":"info","message":"Server Started Succesfully 8000","timestamp":"2021-06-09T09:08:15.746Z"}
{"level":"info","message":"Server Started Succesfully 8000","timestamp":"2021-06-09T10:53:35.177Z"}
{"level":"info","message":"Server Started Succesfully 8000","timestamp":"2021-06-09T10:54:56.079Z"}
{"level":"info","message":"Server Started Succesfully 8000","timestamp":"2021-06-09T10:55:10.778Z"}
{"level":"info","message":"Server Started Succesfully 8000","timestamp":"2021-06-09T10:55:59.378Z"}
{"level":"info","message":"Server Started Succesfully 8000","timestamp":"2021-06-09T10:56:36.238Z"}
{"level":"info","message":"Server Started Succesfully 8000","timestamp":"2021-06-09T10:57:12.202Z"}
{"level":"info","message":"Server Started Succesfully 8000","timestamp":"2021-06-09T10:57:31.210Z"}
{"level":"info","message":"Server Started Succesfully 8000","timestamp":"2021-06-09T11:15:50.182Z"}
{"level":"info","message":"Server Started Succesfully 8000","timestamp":"2021-06-09T11:19:42.431Z"}
{"level":"info","message":"Server Started Succesfully 8000","timestamp":"2021-06-09T11:20:55.812Z"}
{"level":"info","message":"Server Started Succesfully 8000","timestamp":"2021-06-09T11:21:34.619Z"}
{"level":"info","message":"Server Started Succesfully 8000","timestamp":"2021-06-09T11:23:12.352Z"}
{"level":"info","message":"Server Started Succesfully 8000","timestamp":"2021-06-09T11:23:23.242Z"}
{"level":"info","message":"Server Started Succesfully 8000","timestamp":"2021-06-09T11:25:30.100Z"}
{"level":"info","message":"Server Started Succesfully 8000","timestamp":"2021-06-09T19:00:29.949Z"}
{"level":"info","message":"Server Started Succesfully 8000","timestamp":"2021-06-09T19:00:39.873Z"}
{"level":"info","message":"Server Started Succesfully 8000","timestamp":"2021-06-09T19:01:57.401Z"}
{"level":"info","message":"Server Started Succesfully 8000","timestamp":"2021-06-09T19:05:31.445Z"}
{"level":"info","message":"Server Started Succesfully 8000","timestamp":"2021-06-09T19:06:53.940Z"}
{"level":"info","message":"Server Started Succesfully 8000","timestamp":"2021-06-09T19:10:57.658Z"}
{"level":"info","message":"Server Started Succesfully 8000","timestamp":"2021-06-09T19:14:46.151Z"}
{"level":"info","message":"Server Started Succesfully 8000","timestamp":"2021-06-09T19:15:01.709Z"}
{"level":"info","message":"Server Started Succesfully 8000","timestamp":"2021-06-09T19:15:19.925Z"}
{"level":"info","message":"Server Started Succesfully 8000","timestamp":"2021-06-09T19:23:39.891Z"}
{"level":"info","message":"Server Started Succesfully 8000","timestamp":"2021-06-09T19:25:35.733Z"}
{"level":"info","message":"Server Started Succesfully 8000","timestamp":"2021-06-09T19:25:52.015Z"}
{"level":"info","message":"Server Started Succesfully 8000","timestamp":"2021-06-09T19:26:41.514Z"}
{"level":"info","message":"Server Started Succesfully 8000","timestamp":"2021-06-09T19:27:15.892Z"}
{"level":"info","message":"Server Started Succesfully 8000","timestamp":"2021-06-09T19:27:22.083Z"}
{"level":"info","message":"Server Started Succesfully 8000","timestamp":"2021-06-09T19:27:40.474Z"}
{"level":"info","message":"Server Started Succesfully 8000","timestamp":"2021-06-09T19:27:51.700Z"}
{"level":"info","message":"Server Started Succesfully 8000","timestamp":"2021-06-09T19:28:06.724Z"}
{"level":"info","message":"Server Started Succesfully 8000","timestamp":"2021-06-09T19:28:21.521Z"}
{"level":"info","message":"Server Started Succesfully 8000","timestamp":"2021-06-09T19:28:38.335Z"}
{"level":"info","message":"Server Started Succesfully 8000","timestamp":"2021-06-09T19:29:09.028Z"}
{"level":"info","message":"Server Started Succesfully 8000","timestamp":"2021-06-09T19:30:33.757Z"}
{"level":"info","message":"Server Started Succesfully 8000","timestamp":"2021-06-09T19:31:34.960Z"}
{"level":"info","message":"Server Started Succesfully 8000","timestamp":"2021-06-09T19:31:41.576Z"}
{"level":"info","message":"Server Started Succesfully 8000","timestamp":"2021-06-09T19:31:45.278Z"}
{"level":"info","message":"Server Started Succesfully 8000","timestamp":"2021-06-09T19:31:50.653Z"}
{"level":"info","message":"Server Started Succesfully 8000","timestamp":"2021-06-09T19:32:43.742Z"}
{"level":"info","message":"Server Started Succesfully 8000","timestamp":"2021-06-09T19:36:57.521Z"}
{"level":"info","message":"Server Started Succesfully 8000","timestamp":"2021-06-09T19:42:54.134Z"}
{"level":"info","message":"Server Started Succesfully 8000","timestamp":"2021-06-09T19:43:56.075Z"}
{"level":"info","message":"Server Started Succesfully 8000","timestamp":"2021-06-09T19:44:08.094Z"}
{"level":"info","message":"Server Started Succesfully 8000","timestamp":"2021-06-09T19:46:14.192Z"}
{"level":"info","message":"Server Started Succesfully 8000","timestamp":"2021-06-09T19:47:25.132Z"}
{"level":"info","message":"Server Started Succesfully 8000","timestamp":"2021-06-09T19:48:04.701Z"}
{"level":"info","message":"Server Started Succesfully 8000","timestamp":"2021-06-09T19:48:08.758Z"}
{"level":"info","message":"Server Started Succesfully 8000","timestamp":"2021-06-09T19:48:49.740Z"}
{"level":"info","message":"Server Started Succesfully 8000","timestamp":"2021-06-09T19:50:02.077Z"}
{"level":"info","message":"Server Started Succesfully 8000","timestamp":"2021-06-09T19:50:42.642Z"}
{"level":"info","message":"Server Started Succesfully 8000","timestamp":"2021-06-09T19:51:09.621Z"}
{"level":"info","message":"Server Started Succesfully 8000","timestamp":"2021-06-09T19:51:12.410Z"}
{"level":"info","message":"Server Started Succesfully 8000","timestamp":"2021-06-09T19:51:35.637Z"}
{"level":"info","message":"Server Started Succesfully 8000","timestamp":"2021-06-09T19:53:29.232Z"}
{"level":"info","message":"Server Started Succesfully 8000","timestamp":"2021-06-09T19:57:11.281Z"}
{"level":"info","message":"Server Started Succesfully 8000","timestamp":"2021-06-09T19:59:38.440Z"}
{"level":"info","message":"Server Started Succesfully 8000","timestamp":"2021-06-09T19:59:50.032Z"}
{"level":"info","message":"Server Started Succesfully 8000","timestamp":"2021-06-09T20:00:20.053Z"}
{"level":"info","message":"Server Started Succesfully 8000","timestamp":"2021-06-09T20:00:48.074Z"}
{"level":"info","message":"Server Started Succesfully 8000","timestamp":"2021-06-09T20:01:31.561Z"}
{"level":"info","message":"Server Started Succesfully 8000","timestamp":"2021-06-09T20:02:42.254Z"}
{"level":"info","message":"Server Started Succesfully 8000","timestamp":"2021-06-09T20:04:17.808Z"}
{"level":"info","message":"Server Started Succesfully 8000","timestamp":"2021-06-09T20:04:33.204Z"}
{"level":"info","message":"Server Started Succesfully 8000","timestamp":"2021-06-09T20:05:04.674Z"}
{"level":"info","message":"Server Started Succesfully 8000","timestamp":"2021-06-09T20:05:23.227Z"}
{"level":"info","message":"Server Started Succesfully 8000","timestamp":"2021-06-09T20:05:55.261Z"}
{"level":"info","message":"Server Started Succesfully 8000","timestamp":"2021-06-09T20:06:20.767Z"}
{"level":"info","message":"Server Started Succesfully 8000","timestamp":"2021-06-09T20:07:08.827Z"}
{"level":"info","message":"Server Started Succesfully 8000","timestamp":"2021-06-09T20:08:14.281Z"}
{"level":"info","message":"Server Started Succesfully 8000","timestamp":"2021-06-09T20:09:35.490Z"}
{"level":"info","message":"Server Started Succesfully 8000","timestamp":"2021-06-09T20:09:52.921Z"}
{"level":"info","message":"Server Started Succesfully 8000","timestamp":"2021-06-09T20:10:13.311Z"}
{"level":"info","message":"Server Started Succesfully 8000","timestamp":"2021-06-09T20:11:15.726Z"}
{"level":"info","message":"Server Started Succesfully 8000","timestamp":"2021-06-09T20:11:23.655Z"}
{"level":"info","message":"Server Started Succesfully 8000","timestamp":"2021-06-09T20:12:04.790Z"}
{"level":"info","message":"Server Started Succesfully 8000","timestamp":"2021-06-09T20:12:14.514Z"}
{"level":"info","message":"Server Started Succesfully 8000","timestamp":"2021-06-09T20:12:32.834Z"}
{"level":"info","message":"Server Started Succesfully 8000","timestamp":"2021-06-09T20:13:22.453Z"}
{"level":"info","message":"Server Started Succesfully 8000","timestamp":"2021-06-09T20:13:25.156Z"}
{"level":"info","message":"Server Started Succesfully 8000","timestamp":"2021-06-09T20:14:22.833Z"}
{"level":"info","message":"Server Started Succesfully 8000","timestamp":"2021-06-09T20:14:26.549Z"}
{"level":"info","message":"Server Started Succesfully 8000","timestamp":"2021-06-10T04:17:42.055Z"}
{"level":"info","message":"Server Started Succesfully 8000","timestamp":"2021-06-10T04:17:53.158Z"}
{"level":"info","message":"Server Started Succesfully 8000","timestamp":"2021-06-10T05:25:44.090Z"}
{"level":"info","message":"Server Started Succesfully 8000","timestamp":"2021-06-10T05:26:01.535Z"}
{"level":"info","message":"Server Started Succesfully 8000","timestamp":"2021-06-10T05:29:35.860Z"}
{"level":"info","message":"Server Started Succesfully 8000","timestamp":"2021-06-10T13:57:12.457Z"}
{"level":"info","message":"Server Started Succesfully 8000","timestamp":"2021-06-10T13:57:30.213Z"}
{"level":"info","message":"Server Started Succesfully 8000","timestamp":"2021-06-10T13:57:35.267Z"}
{"level":"info","message":"Server Started Succesfully 8000","timestamp":"2021-06-10T13:58:01.305Z"}
{"level":"info","message":"Server Started Succesfully 8000","timestamp":"2021-06-10T13:58:45.575Z"}
{"level":"info","message":"Server Started Succesfully 8000","timestamp":"2021-06-10T13:59:03.702Z"}
{"level":"info","message":"Server Started Succesfully 8000","timestamp":"2021-06-10T13:59:07.782Z"}
{"level":"info","message":"Server Started Succesfully 8000","timestamp":"2021-06-10T14:00:27.323Z"}
{"level":"info","message":"Server Started Succesfully 8000","timestamp":"2021-06-10T14:00:32.650Z"}
{"level":"info","message":"Server Started Succesfully 8000","timestamp":"2021-06-10T14:00:43.101Z"}
{"level":"info","message":"Server Started Succesfully 8000","timestamp":"2021-06-10T14:00:54.659Z"}
{"level":"info","message":"Server Started Succesfully 8000","timestamp":"2021-06-10T14:01:27.885Z"}
{"level":"info","message":"Server Started Succesfully 8000","timestamp":"2021-06-10T14:02:00.361Z"}
{"level":"info","message":"Server Started Succesfully 8000","timestamp":"2021-06-10T14:02:59.569Z"}
{"level":"info","message":"Server Started Succesfully 8000","timestamp":"2021-06-10T14:27:09.479Z"}
{"level":"info","message":"Server Started Succesfully 8000","timestamp":"2021-06-10T15:37:59.840Z"}
{"level":"info","message":"Server Started Succesfully 8000","timestamp":"2021-06-10T15:38:59.246Z"}
{"level":"info","message":"Server Started Succesfully 8000","timestamp":"2021-06-10T15:44:08.848Z"}
{"level":"info","message":"Server Started Succesfully 8000","timestamp":"2021-06-10T15:44:18.969Z"}
{"level":"info","message":"Server Started Succesfully 8000","timestamp":"2021-06-10T16:39:15.346Z"}
{"level":"info","message":"Server Started Succesfully 8000","timestamp":"2021-06-10T16:39:57.441Z"}
{"level":"info","message":"Server Started Succesfully 8000","timestamp":"2021-06-10T16:40:51.443Z"}
{"level":"info","message":"Server Started Succesfully 8000","timestamp":"2021-06-10T16:52:24.603Z"}
{"level":"info","message":"Server Started Succesfully 8000","timestamp":"2021-06-10T16:54:01.606Z"}
{"level":"info","message":"Server Started Succesfully 8000","timestamp":"2021-06-10T16:55:12.185Z"}
{"level":"info","message":"Server Started Succesfully 8000","timestamp":"2021-06-10T16:59:15.542Z"}
{"level":"info","message":"Server Started Succesfully 8000","timestamp":"2021-06-10T17:00:33.207Z"}
{"level":"info","message":"Server Started Succesfully 8000","timestamp":"2021-06-10T17:01:29.386Z"}
{"level":"info","message":"Server Started Succesfully 8000","timestamp":"2021-06-10T17:02:07.409Z"}
{"level":"info","message":"Server Started Succesfully 8000","timestamp":"2021-06-10T17:04:01.080Z"}
{"level":"info","message":"Server Started Succesfully 8000","timestamp":"2021-06-10T17:15:28.907Z"}
{"level":"info","message":"Server Started Succesfully 8000","timestamp":"2021-06-10T17:17:28.384Z"}
{"level":"info","message":"Server Started Succesfully 8000","timestamp":"2021-06-10T17:19:31.117Z"}
{"level":"info","message":"Server Started Succesfully 8000","timestamp":"2021-06-10T17:26:02.079Z"}
{"level":"info","message":"Server Started Succesfully 8000","timestamp":"2021-06-10T17:26:18.897Z"}
{"level":"info","message":"Server Started Succesfully 8000","timestamp":"2021-06-10T17:27:27.641Z"}
{"level":"info","message":"Server Started Succesfully 8000","timestamp":"2021-06-10T17:32:41.437Z"}
{"accepted":["pranilkakade111@gmail.com"],"rejected":[],"envelopeTime":1280,"messageTime":825,"messageSize":975,"response":"250 2.0.0 OK  1623346370 g18sm2845854pfi.199 - gsmtp","envelope":{"from":"pranilkakade2@gmail.com","to":["pranilkakade111@gmail.com"]},"messageId":"<8a832909-6221-5ee1-1bd5-c372879d852e@gmail.com>","level":"info","timestamp":"2021-06-10T17:32:51.674Z"}
{"level":"info","message":"Server Started Succesfully 8000","timestamp":"2021-06-10T17:49:49.353Z"}
{"level":"info","message":"Server Started Succesfully 8000","timestamp":"2021-06-10T17:51:16.467Z"}
{"level":"info","message":"Server Started Succesfully 8000","timestamp":"2021-06-10T17:51:25.676Z"}
{"level":"info","message":"Server Started Succesfully 8000","timestamp":"2021-06-10T17:51:40.291Z"}
{"level":"info","message":"Server Started Succesfully 8000","timestamp":"2021-06-10T17:52:28.918Z"}
{"level":"info","message":"Server Started Succesfully 8000","timestamp":"2021-06-10T17:53:47.239Z"}
{"level":"info","message":"Server Started Succesfully 8000","timestamp":"2021-06-10T17:53:56.021Z"}
{"level":"info","message":"Server Started Succesfully 8000","timestamp":"2021-06-10T17:54:38.141Z"}
{"level":"info","message":"Server Started Succesfully 8000","timestamp":"2021-06-10T17:54:59.457Z"}
{"level":"info","message":"Server Started Succesfully 8000","timestamp":"2021-06-10T17:55:12.804Z"}
{"level":"info","message":"Server Started Succesfully 8000","timestamp":"2021-06-10T17:55:46.456Z"}
{"level":"info","message":"Server Started Succesfully 8000","timestamp":"2021-06-10T18:34:03.724Z"}
{"level":"info","message":"Server Started Succesfully 8000","timestamp":"2021-06-10T18:36:53.968Z"}
{"level":"info","message":"Server Started Succesfully 8000","timestamp":"2021-06-10T18:37:02.560Z"}
{"level":"info","message":"Server Started Succesfully 8000","timestamp":"2021-06-10T18:37:12.192Z"}
{"level":"info","message":"Server Started Succesfully 8000","timestamp":"2021-06-10T18:43:02.427Z"}
{"level":"info","message":"Server Started Succesfully 8000","timestamp":"2021-06-10T18:43:07.485Z"}
{"level":"info","message":"Server Started Succesfully 8000","timestamp":"2021-06-11T03:36:00.996Z"}
{"level":"info","message":"Server Started Succesfully 8000","timestamp":"2021-06-11T03:37:04.399Z"}
{"level":"info","message":"Server Started Succesfully 8000","timestamp":"2021-06-11T03:38:09.339Z"}
{"level":"info","message":"Server Started Succesfully 8000","timestamp":"2021-06-11T03:39:00.665Z"}
{"level":"info","message":"Server Started Succesfully 8000","timestamp":"2021-06-11T04:30:26.237Z"}
{"level":"info","message":"Server Started Succesfully 8000","timestamp":"2021-06-11T04:31:32.230Z"}
{"level":"info","message":"Server Started Succesfully 8000","timestamp":"2021-06-11T05:19:32.064Z"}
{"level":"info","message":"Server Started Succesfully 8000","timestamp":"2021-06-11T05:23:12.669Z"}
{"level":"info","message":"Server Started Succesfully 8000","timestamp":"2021-06-11T05:30:55.123Z"}
{"accepted":["pranilkakade111@gmail.com"],"rejected":[],"envelopeTime":1158,"messageTime":940,"messageSize":975,"response":"250 2.0.0 OK  1623389782 f6sm3903195pfb.28 - gsmtp","envelope":{"from":"pranilkakade2@gmail.com","to":["pranilkakade111@gmail.com"]},"messageId":"<90db425e-506e-b0b3-00a3-a6b54c498bd3@gmail.com>","level":"info","timestamp":"2021-06-11T05:36:23.593Z"}
{"level":"info","message":"Server Started Succesfully 8000","timestamp":"2021-06-11T13:50:39.868Z"}
{"accepted":["pranilkakade111@gmail.com"],"rejected":[],"envelopeTime":1244,"messageTime":1218,"messageSize":975,"response":"250 2.0.0 OK  1623419606 21sm5537645pfy.92 - gsmtp","envelope":{"from":"pranilkakade2@gmail.com","to":["pranilkakade111@gmail.com"]},"messageId":"<3114ef42-2b04-5674-40e5-8d1e2068abc8@gmail.com>","level":"info","timestamp":"2021-06-11T13:53:27.217Z"}
{"accepted":["pranilkakade111@gmail.com"],"rejected":[],"envelopeTime":1061,"messageTime":772,"messageSize":975,"response":"250 2.0.0 OK  1623420089 ls17sm2152710pjb.56 - gsmtp","envelope":{"from":"pranilkakade2@gmail.com","to":["pranilkakade111@gmail.com"]},"messageId":"<d7d0ef4a-8082-89e3-0529-8f21af2d3e24@gmail.com>","level":"info","timestamp":"2021-06-11T14:01:30.175Z"}
{"level":"info","message":"Server Started Succesfully 8000","timestamp":"2021-06-11T14:03:46.484Z"}
{"level":"info","message":"Server Started Succesfully 8000","timestamp":"2021-06-11T14:04:02.504Z"}
{"level":"info","message":"Server Started Succesfully 8000","timestamp":"2021-06-11T14:04:23.312Z"}
{"accepted":["pranilkakade111@gmail.com"],"rejected":[],"envelopeTime":964,"messageTime":807,"messageSize":975,"response":"250 2.0.0 OK  1623420330 4sm10810165pji.14 - gsmtp","envelope":{"from":"pranilkakade2@gmail.com","to":["pranilkakade111@gmail.com"]},"messageId":"<a7420336-a137-a12c-7e2d-fb7b236081e4@gmail.com>","level":"info","timestamp":"2021-06-11T14:05:30.689Z"}
{"level":"info","message":"Server Started Succesfully 8000","timestamp":"2021-06-11T14:06:56.691Z"}
{"accepted":["pranilkakade111@gmail.com"],"rejected":[],"envelopeTime":1109,"messageTime":915,"messageSize":975,"response":"250 2.0.0 OK  1623420495 w19sm10336848pjg.48 - gsmtp","envelope":{"from":"pranilkakade2@gmail.com","to":["pranilkakade111@gmail.com"]},"messageId":"<f1a338b1-744e-31bb-6df1-c0d6d464beac@gmail.com>","level":"info","timestamp":"2021-06-11T14:08:15.671Z"}
{"level":"info","message":"Server Started Succesfully 8000","timestamp":"2021-06-11T14:09:28.991Z"}
{"accepted":["pranilkakade111@gmail.com"],"rejected":[],"envelopeTime":1018,"messageTime":826,"messageSize":975,"response":"250 2.0.0 OK  1623420606 m5sm5731884pgl.75 - gsmtp","envelope":{"from":"pranilkakade2@gmail.com","to":["pranilkakade111@gmail.com"]},"messageId":"<b388743f-2c30-1b8f-e9fb-1d34cf1e6966@gmail.com>","level":"info","timestamp":"2021-06-11T14:10:06.395Z"}
{"level":"info","message":"Server Started Succesfully 8000","timestamp":"2021-06-11T14:11:35.571Z"}
{"level":"info","message":"Server Started Succesfully 8000","timestamp":"2021-06-11T14:21:09.751Z"}
{"level":"info","message":"Server Started Succesfully 8000","timestamp":"2021-06-11T14:28:14.193Z"}
{"level":"info","message":"Server Started Succesfully 8000","timestamp":"2021-06-11T14:29:34.374Z"}
{"level":"info","message":"Server Started Succesfully 8000","timestamp":"2021-06-11T14:31:18.043Z"}
{"level":"info","message":"Server Started Succesfully 8000","timestamp":"2021-06-11T14:31:50.274Z"}
{"level":"info","message":"Server Started Succesfully 8000","timestamp":"2021-06-11T14:32:17.657Z"}
{"level":"info","message":"Server Started Succesfully 8000","timestamp":"2021-06-11T15:18:40.264Z"}
{"level":"info","message":"Server Started Succesfully 8000","timestamp":"2021-06-11T15:24:01.027Z"}
{"level":"info","message":"Server Started Succesfully 8000","timestamp":"2021-06-11T15:27:14.886Z"}
{"level":"info","message":"Server Started Succesfully 8000","timestamp":"2021-06-11T15:27:35.001Z"}
{"level":"info","message":"Server Started Succesfully 8000","timestamp":"2021-06-11T15:30:07.293Z"}
{"level":"info","message":"Server Started Succesfully 8000","timestamp":"2021-06-11T15:31:14.227Z"}
{"level":"info","message":"Server Started Succesfully 8000","timestamp":"2021-06-11T17:48:25.950Z"}
{"level":"info","message":"Server Started Succesfully 8000","timestamp":"2021-06-11T17:48:28.471Z"}
{"level":"info","message":"Server Started Succesfully 8000","timestamp":"2021-06-11T17:53:34.006Z"}
{"level":"info","message":"Server Started Succesfully 8000","timestamp":"2021-06-11T17:54:20.479Z"}
{"level":"info","message":"Server Started Succesfully 8000","timestamp":"2021-06-11T17:55:53.125Z"}
{"level":"info","message":"Server Started Succesfully 8000","timestamp":"2021-06-11T18:02:09.828Z"}
{"level":"info","message":"Server Started Succesfully 8000","timestamp":"2021-06-11T18:03:54.949Z"}
{"level":"info","message":"Server Started Succesfully 8000","timestamp":"2021-06-11T18:09:57.591Z"}
{"level":"info","message":"Server Started Succesfully 8000","timestamp":"2021-06-11T18:10:03.983Z"}
{"level":"info","message":"Server Started Succesfully 8000","timestamp":"2021-06-11T18:14:15.251Z"}
{"level":"info","message":"Server Started Succesfully 8000","timestamp":"2021-06-11T18:16:33.856Z"}
{"level":"info","message":"Server Started Succesfully 8000","timestamp":"2021-06-11T18:18:37.079Z"}
{"level":"info","message":"Server Started Succesfully 8000","timestamp":"2021-06-11T18:19:04.752Z"}
{"level":"info","message":"Server Started Succesfully 8000","timestamp":"2021-06-11T18:23:02.461Z"}
{"level":"info","message":"Server Started Succesfully 8000","timestamp":"2021-06-11T18:23:45.867Z"}
{"level":"info","message":"Server Started Succesfully 8000","timestamp":"2021-06-11T18:23:59.263Z"}
{"level":"info","message":"Server Started Succesfully 8000","timestamp":"2021-06-11T18:24:34.901Z"}
{"level":"info","message":"Server Started Succesfully 8000","timestamp":"2021-06-11T18:27:05.856Z"}
{"level":"info","message":"Server Started Succesfully 8000","timestamp":"2021-06-11T18:27:48.484Z"}
{"level":"info","message":"Server Started Succesfully 8000","timestamp":"2021-06-11T18:28:37.808Z"}
{"level":"info","message":"Server Started Succesfully 8000","timestamp":"2021-06-11T18:29:47.438Z"}
{"level":"info","message":"Server Started Succesfully 8000","timestamp":"2021-06-11T18:30:07.121Z"}
{"level":"info","message":"Server Started Succesfully 8000","timestamp":"2021-06-11T18:48:22.318Z"}
{"level":"info","message":"Server Started Succesfully 8000","timestamp":"2021-06-11T19:37:24.955Z"}
{"level":"info","message":"Server Started Succesfully 8000","timestamp":"2021-06-11T19:39:05.993Z"}
{"level":"info","message":"Server Started Succesfully 8000","timestamp":"2021-06-11T19:54:48.199Z"}
{"level":"info","message":"Server Started Succesfully 8000","timestamp":"2021-06-11T20:06:46.141Z"}
{"level":"info","message":"Server Started Succesfully 8000","timestamp":"2021-06-11T20:07:37.751Z"}
{"level":"info","message":"Server Started Succesfully 8000","timestamp":"2021-06-11T20:08:29.499Z"}
{"level":"info","message":"Server Started Succesfully 8000","timestamp":"2021-06-11T20:28:54.039Z"}
{"level":"info","message":"Server Started Succesfully 8000","timestamp":"2021-06-11T20:29:35.084Z"}
{"level":"info","message":"Server Started Succesfully 8000","timestamp":"2021-06-11T20:32:38.817Z"}
{"level":"info","message":"Server Started Succesfully 8000","timestamp":"2021-06-11T20:34:19.404Z"}
{"level":"info","message":"Server Started Succesfully 8000","timestamp":"2021-06-11T20:37:00.601Z"}
{"level":"info","message":"Server Started Succesfully 8000","timestamp":"2021-06-11T20:38:20.442Z"}
{"level":"info","message":"Server Started Succesfully 8000","timestamp":"2021-06-11T20:39:13.079Z"}
{"level":"info","message":"Server Started Succesfully 8000","timestamp":"2021-06-11T20:39:15.970Z"}
{"level":"info","message":"Server Started Succesfully 8000","timestamp":"2021-06-11T20:39:19.120Z"}
{"level":"info","message":"Server Started Succesfully 8000","timestamp":"2021-06-11T20:39:41.582Z"}
{"level":"info","message":"Server Started Succesfully 8000","timestamp":"2021-06-11T20:40:21.488Z"}
{"level":"info","message":"Server Started Succesfully 8000","timestamp":"2021-06-11T20:40:25.488Z"}
{"level":"info","message":"Server Started Succesfully 8000","timestamp":"2021-06-12T04:14:54.170Z"}
{"level":"info","message":"Server Started Succesfully 8000","timestamp":"2021-06-12T04:24:05.076Z"}
{"level":"info","message":"Server Started Succesfully 8000","timestamp":"2021-06-12T04:30:23.451Z"}
{"level":"info","message":"Server Started Succesfully 8000","timestamp":"2021-06-12T04:44:55.489Z"}
{"level":"info","message":"Server Started Succesfully 8000","timestamp":"2021-06-13T10:17:08.149Z"}
{"level":"info","message":"Server Started Succesfully 8000","timestamp":"2021-06-13T10:17:56.398Z"}
{"level":"info","message":"Server Started Succesfully 8000","timestamp":"2021-06-13T11:17:57.064Z"}
{"level":"info","message":"Server Started Succesfully 8000","timestamp":"2021-06-13T11:18:11.553Z"}
{"level":"info","message":"Server Started Succesfully 8000","timestamp":"2021-06-13T11:19:52.518Z"}
{"level":"info","message":"Server Started Succesfully 8000","timestamp":"2021-06-13T11:19:58.621Z"}
{"level":"info","message":"Server Started Succesfully 8000","timestamp":"2021-06-13T11:20:03.789Z"}
{"level":"info","message":"Server Started Succesfully 8000","timestamp":"2021-06-13T11:20:10.168Z"}
{"level":"info","message":"Server Started Succesfully 8000","timestamp":"2021-06-13T11:20:18.415Z"}
{"level":"info","message":"Server Started Succesfully 8000","timestamp":"2021-06-13T11:20:31.521Z"}
{"level":"info","message":"Server Started Succesfully 8000","timestamp":"2021-06-13T11:20:36.233Z"}
{"level":"info","message":"Server Started Succesfully 8000","timestamp":"2021-06-13T11:24:51.355Z"}
{"level":"info","message":"Server Started Succesfully 8000","timestamp":"2021-06-13T11:28:19.160Z"}
{"level":"info","message":"Server Started Succesfully 8000","timestamp":"2021-06-13T11:28:58.338Z"}
{"level":"info","message":"Server Started Succesfully 8000","timestamp":"2021-06-13T11:31:32.347Z"}
{"level":"info","message":"Server Started Succesfully 8000","timestamp":"2021-06-13T11:35:13.043Z"}
{"level":"info","message":"Server Started Succesfully 8000","timestamp":"2021-06-13T11:37:44.235Z"}
{"level":"info","message":"Server Started Succesfully 8000","timestamp":"2021-06-13T11:44:46.489Z"}
{"level":"info","message":"Server Started Succesfully 8000","timestamp":"2021-06-13T11:46:23.453Z"}
{"level":"info","message":"Server Started Succesfully 8000","timestamp":"2021-06-13T11:48:14.566Z"}
{"level":"info","message":"Server Started Succesfully 8000","timestamp":"2021-06-13T11:49:03.261Z"}
{"level":"info","message":"Server Started Succesfully 8000","timestamp":"2021-06-13T11:49:13.471Z"}
{"level":"info","message":"Server Started Succesfully 8000","timestamp":"2021-06-13T11:49:42.373Z"}
